<?xml version="1.0" encoding="UTF-8"?>
<!-- Generated by org.testng.reporters.JUnitReportReporter -->
<testsuite hostname="DESKTOP-3RGFLRR" failures="0" tests="5" name="tests.TestNG" time="166.628" errors="0" timestamp="2021-03-20T20:13:52 IST" skipped="0">
  <testcase classname="tests.TestNG" name="getDriver" time="24.553"/>
  <system-out/>
  <testcase classname="tests.TestNG" name="getGoogleSignIn" time="57.771"/>
  <system-out/>
  <testcase classname="tests.TestNG" name="getPopularUsedCars" time="36.437"/>
  <system-out/>
  <testcase classname="tests.TestNG" name="getUpcomingBikes" time="36.855"/>
  <system-out/>
  <testcase classname="tests.TestNG" name="closeApplication" time="11.012"/>
  <system-out/>
</testsuite> <!-- tests.TestNG -->
